<?xml version="1.0" encoding="UTF-8" standalone="yes"?>
<persistence xmlns="http://xmlns.jcp.org/xml/ns/persistence"
             xmlns:xsi="http://www.w3.org/2001/XMLSchema-instance"
             xsi:schemaLocation="http://xmlns.jcp.org/xml/ns/persistence http://xmlns.jcp.org/xml/ns/persistence/persistence_2_2.xsd"
             version="2.2">
    <persistence-unit name="SchedulePersistenceUnitTest">
        <provider>org.eclipse.persistence.jpa.PersistenceProvider</provider>
        <class>com.github.index.schedule.data.entity.Auditorium</class>
        <class>com.github.index.schedule.data.entity.Course</class>
        <class>com.github.index.schedule.data.entity.Faculty</class>
        <class>com.github.index.schedule.data.entity.Group</class>
        <class>com.github.index.schedule.data.entity.Lecturer</class>
        <class>com.github.index.schedule.data.entity.Student</class>
        <class>com.github.index.schedule.data.entity.ScheduleEntry</class>
        <class>com.github.index.schedule.data.converters.LocalDateAttributeConverter</class>
        <class>com.github.index.schedule.data.converters.LocalTimeAttributeConverter</class>
        <properties>
            <property name="eclipselink.jdbc.url" value="jdbc:postgresql://localhost/testschedule"/>
            <property name="eclipselink.jdbc.driver" value="org.postgresql.Driver"/>
            <property name="eclipselink.jdbc.user" value="postgres"/>
            <property name="eclipselink.jdbc.password" value="root"/>
            <property name="eclipselink.logging.level" value="INFO"/>
            <property name="eclipselink.ddl-generation" value="drop-and-create-tables"/>
            <!--<property name="eclipselink.ddl-generation" value="create-tables"/>-->
            <property name="eclipselink.create-ddl-jdbc-file-name" value="createDDL_ddlGeneration.jdbc"/>
            <property name="eclipselink.ddl-generation.output-mode"
                      value="both"/> <!--fixme: временно вроде, разберись потом-->
        </properties>
    </persistence-unit>
</persistence>
